 rename doc/brief-manual/{opensearch-summary => }/advantage.md (100%)
 rename doc/brief-manual/{opensearch-summary => }/brief-summary.md (100%)
 rename doc/brief-manual/{opensearch-summary => }/principles.md (100%)
 rename doc/brief-manual/{opensearch-summary => }/usage-scenario.md (100%)
 rename doc/{brief-manual => purchase-guide}/price.md (100%)
 rename doc/best-practice/{ => function}/array.md (100%)
 rename doc/best-practice/{ => function}/search-knowledge.md (79%)
 rename doc/best-practice/{ => function}/short_text.md (100%)
 rename doc/best-practice/{ => performance}/push.md (100%)
 rename doc/best-practice/{ => performance}/search.md (100%)
 rename doc/best-practice/{open-source-plugins => plugins}/wordpress.md (100%)
 rename doc/{quick-start/operation-introduced => operation-introduced/basic}/data-sync.md (100%)
 rename doc/{quick-start/operation-introduced => operation-introduced/basic}/index-restructure.md (100%)
 rename doc/{quick-start/operation-introduced => operation-introduced/basic}/quota.md (100%)
 rename doc/{quick-start => }/operation-introduced/create-app.md (100%)
 rename doc/{quick-start => }/operation-introduced/download.md (100%)
 rename doc/{quick-start => }/operation-introduced/search-test.md (100%)
 rename doc/{quick-start/operation-introduced => operation-introduced/senior}/feature-function.md (100%)
 rename doc/{quick-start/operation-introduced => operation-introduced/senior}/qp.md (100%)
 rename doc/{quick-start/operation-introduced => operation-introduced/senior}/relevance.md (100%)
 rename doc/{quick-start/operation-introduced => operation-introduced/senior}/suggest.md (100%)
 rename doc/{quick-start/operation-introduced => operation-introduced/senior}/summary.md (100%)
 rename doc/{quick-start/operation-introduced => operation-introduced/static}/data-statistics.md (100%)
 rename doc/{quick-start/operation-introduced => operation-introduced/static}/index.json (92%)
 rename doc/{brief-manual => operation-introduced}/system-limits.md (100%)
 rename doc/{quick-start => }/operation-introduced/type-declare.md (90%)
 rename doc/{menu => quick-start}/menu.md (98%)
